<?xml version="1.0" encoding="UTF-8"?>
<!-- Generated by org.testng.reporters.JUnitXMLReporter -->
<testsuite ignored="0" hostname="DESKTOP-NMMTQ37" failures="0" tests="4" name="Default test" time="241.961" errors="0" timestamp="2024-02-21T21:12:09 IST">
  <testcase classname="com.runner.Runner_Class" name="asetup" time="21.852"/>
  <testcase classname="com.runner.Runner_Class" name="updateDetails" time="37.388"/>
  <testcase classname="com.runner.Runner_Class" name="selectflight" time="22.445"/>
  <testcase classname="com.runner.Runner_Class" name="pageDetails" time="160.232"/>
</testsuite> <!-- Default test -->
