<?xml version="1.0" encoding="UTF-8"?>
<testng-results ignored="0" total="4" passed="4" failed="0" skipped="0">
  <reporter-output>
  </reporter-output>
  <suite started-at="2024-02-21T21:08:07 IST" name="Default suite" finished-at="2024-02-21T21:12:08 IST" duration-ms="241961">
    <groups>
    </groups>
    <test started-at="2024-02-21T21:08:07 IST" name="Default test" finished-at="2024-02-21T21:12:08 IST" duration-ms="241961">
      <class name="com.runner.Runner_Class">
        <test-method signature="asetup()[pri:1, instance:com.runner.Runner_Class@1ffaf86]" started-at="2024-02-21T21:08:07 IST" name="asetup" finished-at="2024-02-21T21:08:28 IST" duration-ms="21852" status="PASS">
          <reporter-output>
          </reporter-output>
        </test-method> <!-- asetup -->
        <test-method signature="updateDetails()[pri:2, instance:com.runner.Runner_Class@1ffaf86]" started-at="2024-02-21T21:08:28 IST" name="updateDetails" finished-at="2024-02-21T21:09:06 IST" duration-ms="37388" status="PASS">
          <reporter-output>
          </reporter-output>
        </test-method> <!-- updateDetails -->
        <test-method signature="selectflight()[pri:3, instance:com.runner.Runner_Class@1ffaf86]" started-at="2024-02-21T21:09:06 IST" name="selectflight" finished-at="2024-02-21T21:09:28 IST" duration-ms="22445" status="PASS">
          <reporter-output>
          </reporter-output>
        </test-method> <!-- selectflight -->
        <test-method signature="pageDetails()[pri:4, instance:com.runner.Runner_Class@1ffaf86]" started-at="2024-02-21T21:09:28 IST" name="pageDetails" finished-at="2024-02-21T21:12:08 IST" duration-ms="160232" status="PASS">
          <reporter-output>
          </reporter-output>
        </test-method> <!-- pageDetails -->
      </class> <!-- com.runner.Runner_Class -->
    </test> <!-- Default test -->
  </suite> <!-- Default suite -->
</testng-results>
